  object.cpp
C:\Users\hamat\prog\InformationExercises2nd\ImageExe2\ImageExe2\object.cpp(1,1): warning C4819: ファイルは、現在のコード ページ (932) で表示できない文字を含んでいます。データの損失を防ぐために、ファイルを Unicode 形式で保存してください。
C:\Users\hamat\prog\InformationExercises2nd\ImageExe2\ImageExe2\object.cpp(118,34): warning C4244: '引数': 'double' から 'GLfloat' への変換です。データが失われる可能性があります。
C:\Users\hamat\prog\InformationExercises2nd\ImageExe2\ImageExe2\object.cpp(118,31): warning C4244: '引数': 'double' から 'GLfloat' への変換です。データが失われる可能性があります。
C:\Users\hamat\prog\InformationExercises2nd\ImageExe2\ImageExe2\object.cpp(118,28): warning C4244: '引数': 'double' から 'GLfloat' への変換です。データが失われる可能性があります。
C:\Users\hamat\prog\InformationExercises2nd\ImageExe2\ImageExe2\object.cpp(158,29): warning C4305: '引数': 'double' から 'GLfloat' へ切り詰めます。
C:\Users\hamat\prog\InformationExercises2nd\ImageExe2\ImageExe2\object.cpp(170,30): warning C4305: '引数': 'double' から 'GLfloat' へ切り詰めます。
C:\Users\hamat\prog\InformationExercises2nd\ImageExe2\ImageExe2\object.cpp(226,27): warning C4305: '引数': 'double' から 'GLfloat' へ切り詰めます。
C:\Users\hamat\prog\InformationExercises2nd\ImageExe2\ImageExe2\object.cpp(227,27): warning C4305: '引数': 'double' から 'float' へ切り詰めます。
C:\Users\hamat\prog\InformationExercises2nd\ImageExe2\ImageExe2\object.cpp(230,23): warning C4305: '引数': 'double' から 'float' へ切り詰めます。
C:\Users\hamat\prog\InformationExercises2nd\ImageExe2\ImageExe2\object.cpp(235,30): warning C4305: '引数': 'double' から 'float' へ切り詰めます。
C:\Users\hamat\prog\InformationExercises2nd\ImageExe2\ImageExe2\object.cpp(238,27): warning C4305: '引数': 'double' から 'float' へ切り詰めます。
C:\Users\hamat\prog\InformationExercises2nd\ImageExe2\ImageExe2\object.cpp(319,77): warning C4244: '引数': 'double' から 'GLfloat' への変換です。データが失われる可能性があります。
C:\Users\hamat\prog\InformationExercises2nd\ImageExe2\ImageExe2\object.cpp(319,32): warning C4244: '引数': 'double' から 'GLfloat' への変換です。データが失われる可能性があります。
C:\Users\hamat\prog\InformationExercises2nd\ImageExe2\ImageExe2\object.cpp(321,79): warning C4244: '引数': 'double' から 'GLfloat' への変換です。データが失われる可能性があります。
C:\Users\hamat\prog\InformationExercises2nd\ImageExe2\ImageExe2\object.cpp(321,33): warning C4244: '引数': 'double' から 'GLfloat' への変換です。データが失われる可能性があります。
C:\Users\hamat\prog\InformationExercises2nd\ImageExe2\ImageExe2\object.cpp(323,43): warning C4244: '引数': 'double' から 'GLfloat' への変換です。データが失われる可能性があります。
C:\Users\hamat\prog\InformationExercises2nd\ImageExe2\ImageExe2\object.cpp(323,26): warning C4244: '引数': 'double' から 'GLfloat' への変換です。データが失われる可能性があります。
C:\Users\hamat\prog\InformationExercises2nd\ImageExe2\ImageExe2\object.cpp(327,56): warning C4244: '引数': 'double' から 'GLfloat' への変換です。データが失われる可能性があります。
C:\Users\hamat\prog\InformationExercises2nd\ImageExe2\ImageExe2\object.cpp(327,77): warning C4305: '引数': 'double' から 'GLfloat' へ切り詰めます。
C:\Users\hamat\prog\InformationExercises2nd\ImageExe2\ImageExe2\object.cpp(327,23): warning C4244: '引数': 'double' から 'GLfloat' への変換です。データが失われる可能性があります。
C:\Users\hamat\prog\InformationExercises2nd\ImageExe2\ImageExe2\object.cpp(329,27): warning C4305: '引数': 'double' から 'float' へ切り詰めます。
C:\Users\hamat\prog\InformationExercises2nd\ImageExe2\ImageExe2\object.cpp(331,28): warning C4305: '引数': 'double' から 'GLfloat' へ切り詰めます。
C:\Users\hamat\prog\InformationExercises2nd\ImageExe2\ImageExe2\object.cpp(332,29): warning C4305: '引数': 'double' から 'float' へ切り詰めます。
C:\Users\hamat\prog\InformationExercises2nd\ImageExe2\ImageExe2\object.cpp(337,58): warning C4244: '引数': 'double' から 'GLfloat' への変換です。データが失われる可能性があります。
C:\Users\hamat\prog\InformationExercises2nd\ImageExe2\ImageExe2\object.cpp(337,79): warning C4305: '引数': 'double' から 'GLfloat' へ切り詰めます。
C:\Users\hamat\prog\InformationExercises2nd\ImageExe2\ImageExe2\object.cpp(337,24): warning C4244: '引数': 'double' から 'GLfloat' への変換です。データが失われる可能性があります。
C:\Users\hamat\prog\InformationExercises2nd\ImageExe2\ImageExe2\object.cpp(339,27): warning C4305: '引数': 'double' から 'float' へ切り詰めます。
C:\Users\hamat\prog\InformationExercises2nd\ImageExe2\ImageExe2\object.cpp(341,28): warning C4305: '引数': 'double' から 'GLfloat' へ切り詰めます。
C:\Users\hamat\prog\InformationExercises2nd\ImageExe2\ImageExe2\object.cpp(342,29): warning C4305: '引数': 'double' から 'float' へ切り詰めます。
C:\Users\hamat\prog\InformationExercises2nd\ImageExe2\ImageExe2\object.cpp(348,28): warning C4305: '引数': 'double' から 'GLfloat' へ切り詰めます。
C:\Users\hamat\prog\InformationExercises2nd\ImageExe2\ImageExe2\object.cpp(349,18): warning C4244: '引数': 'int' から 'GLfloat' への変換です。データが失われる可能性があります。
C:\Users\hamat\prog\InformationExercises2nd\ImageExe2\ImageExe2\object.cpp(350,25): warning C4305: '引数': 'double' から 'float' へ切り詰めます。
C:\Users\hamat\prog\InformationExercises2nd\ImageExe2\ImageExe2\object.cpp(351,28): warning C4305: '引数': 'double' から 'GLfloat' へ切り詰めます。
C:\Users\hamat\prog\InformationExercises2nd\ImageExe2\ImageExe2\object.cpp(352,25): warning C4305: '引数': 'double' から 'float' へ切り詰めます。
C:\Users\hamat\prog\InformationExercises2nd\ImageExe2\ImageExe2\object.cpp(353,28): warning C4305: '引数': 'double' から 'GLfloat' へ切り詰めます。
C:\Users\hamat\prog\InformationExercises2nd\ImageExe2\ImageExe2\object.cpp(355,25): warning C4305: '引数': 'double' から 'float' へ切り詰めます。
C:\Users\hamat\prog\InformationExercises2nd\ImageExe2\ImageExe2\object.cpp(370,41): warning C4305: '引数': 'double' から 'GLfloat' へ切り詰めます。
C:\Users\hamat\prog\InformationExercises2nd\ImageExe2\ImageExe2\object.cpp(371,47): warning C4305: '引数': 'double' から 'GLfloat' へ切り詰めます。
C:\Users\hamat\prog\InformationExercises2nd\ImageExe2\ImageExe2\object.cpp(371,26): warning C4244: '引数': 'double' から 'GLfloat' への変換です。データが失われる可能性があります。
C:\Users\hamat\prog\InformationExercises2nd\ImageExe2\ImageExe2\object.cpp(372,26): warning C4244: '引数': 'double' から 'GLfloat' への変換です。データが失われる可能性があります。
C:\Users\hamat\prog\InformationExercises2nd\ImageExe2\ImageExe2\object.cpp(373,27): warning C4244: '引数': 'double' から 'GLfloat' への変換です。データが失われる可能性があります。
C:\Users\hamat\prog\InformationExercises2nd\ImageExe2\ImageExe2\object.cpp(374,48): warning C4305: '引数': 'double' から 'GLfloat' へ切り詰めます。
C:\Users\hamat\prog\InformationExercises2nd\ImageExe2\ImageExe2\object.cpp(374,27): warning C4244: '引数': 'double' から 'GLfloat' への変換です。データが失われる可能性があります。
C:\Users\hamat\prog\InformationExercises2nd\ImageExe2\ImageExe2\object.cpp(375,42): warning C4305: '引数': 'double' から 'GLfloat' へ切り詰めます。
C:\Users\hamat\prog\InformationExercises2nd\ImageExe2\ImageExe2\object.cpp(386,42): warning C4305: '引数': 'double' から 'GLfloat' へ切り詰めます。
C:\Users\hamat\prog\InformationExercises2nd\ImageExe2\ImageExe2\object.cpp(387,48): warning C4305: '引数': 'double' から 'GLfloat' へ切り詰めます。
C:\Users\hamat\prog\InformationExercises2nd\ImageExe2\ImageExe2\object.cpp(387,26): warning C4244: '引数': 'double' から 'GLfloat' への変換です。データが失われる可能性があります。
C:\Users\hamat\prog\InformationExercises2nd\ImageExe2\ImageExe2\object.cpp(388,26): warning C4244: '引数': 'double' から 'GLfloat' への変換です。データが失われる可能性があります。
C:\Users\hamat\prog\InformationExercises2nd\ImageExe2\ImageExe2\object.cpp(389,27): warning C4244: '引数': 'double' から 'GLfloat' への変換です。データが失われる可能性があります。
C:\Users\hamat\prog\InformationExercises2nd\ImageExe2\ImageExe2\object.cpp(390,49): warning C4305: '引数': 'double' から 'GLfloat' へ切り詰めます。
C:\Users\hamat\prog\InformationExercises2nd\ImageExe2\ImageExe2\object.cpp(390,27): warning C4244: '引数': 'double' から 'GLfloat' への変換です。データが失われる可能性があります。
C:\Users\hamat\prog\InformationExercises2nd\ImageExe2\ImageExe2\object.cpp(391,43): warning C4305: '引数': 'double' から 'GLfloat' へ切り詰めます。
C:\Users\hamat\prog\InformationExercises2nd\ImageExe2\ImageExe2\object.cpp(401,41): warning C4305: '引数': 'double' から 'GLfloat' へ切り詰めます。
C:\Users\hamat\prog\InformationExercises2nd\ImageExe2\ImageExe2\object.cpp(402,42): warning C4305: '引数': 'double' から 'GLfloat' へ切り詰めます。
C:\Users\hamat\prog\InformationExercises2nd\ImageExe2\ImageExe2\object.cpp(413,41): warning C4305: '引数': 'double' から 'GLfloat' へ切り詰めます。
C:\Users\hamat\prog\InformationExercises2nd\ImageExe2\ImageExe2\object.cpp(414,42): warning C4305: '引数': 'double' から 'GLfloat' へ切り詰めます。
C:\Users\hamat\prog\InformationExercises2nd\ImageExe2\ImageExe2\object.cpp(415,48): warning C4305: '引数': 'double' から 'GLfloat' へ切り詰めます。
C:\Users\hamat\prog\InformationExercises2nd\ImageExe2\ImageExe2\object.cpp(415,26): warning C4244: '引数': 'double' から 'GLfloat' への変換です。データが失われる可能性があります。
C:\Users\hamat\prog\InformationExercises2nd\ImageExe2\ImageExe2\object.cpp(416,47): warning C4305: '引数': 'double' から 'GLfloat' へ切り詰めます。
C:\Users\hamat\prog\InformationExercises2nd\ImageExe2\ImageExe2\object.cpp(416,26): warning C4244: '引数': 'double' から 'GLfloat' への変換です。データが失われる可能性があります。
C:\Users\hamat\prog\InformationExercises2nd\ImageExe2\ImageExe2\object.cpp(424,29): warning C4305: '引数': 'double' から 'GLfloat' へ切り詰めます。
C:\Users\hamat\prog\InformationExercises2nd\ImageExe2\ImageExe2\object.cpp(425,48): warning C4305: '引数': 'double' から 'GLfloat' へ切り詰めます。
C:\Users\hamat\prog\InformationExercises2nd\ImageExe2\ImageExe2\object.cpp(425,26): warning C4244: '引数': 'double' から 'GLfloat' への変換です。データが失われる可能性があります。
C:\Users\hamat\prog\InformationExercises2nd\ImageExe2\ImageExe2\object.cpp(426,47): warning C4305: '引数': 'double' から 'GLfloat' へ切り詰めます。
C:\Users\hamat\prog\InformationExercises2nd\ImageExe2\ImageExe2\object.cpp(426,26): warning C4244: '引数': 'double' から 'GLfloat' への変換です。データが失われる可能性があります。
C:\Users\hamat\prog\InformationExercises2nd\ImageExe2\ImageExe2\object.cpp(427,26): warning C4244: '引数': 'double' から 'GLfloat' への変換です。データが失われる可能性があります。
C:\Users\hamat\prog\InformationExercises2nd\ImageExe2\ImageExe2\object.cpp(428,26): warning C4244: '引数': 'double' から 'GLfloat' への変換です。データが失われる可能性があります。
C:\Users\hamat\prog\InformationExercises2nd\ImageExe2\ImageExe2\object.cpp(437,26): warning C4244: '引数': 'double' から 'GLfloat' への変換です。データが失われる可能性があります。
C:\Users\hamat\prog\InformationExercises2nd\ImageExe2\ImageExe2\object.cpp(438,26): warning C4244: '引数': 'double' から 'GLfloat' への変換です。データが失われる可能性があります。
C:\Users\hamat\prog\InformationExercises2nd\ImageExe2\ImageExe2\object.cpp(439,26): warning C4244: '引数': 'double' から 'GLfloat' への変換です。データが失われる可能性があります。
C:\Users\hamat\prog\InformationExercises2nd\ImageExe2\ImageExe2\object.cpp(440,26): warning C4244: '引数': 'double' から 'GLfloat' への変換です。データが失われる可能性があります。
C:\Users\hamat\prog\InformationExercises2nd\ImageExe2\ImageExe2\object.cpp(449,42): warning C4305: '引数': 'double' から 'GLfloat' へ切り詰めます。
C:\Users\hamat\prog\InformationExercises2nd\ImageExe2\ImageExe2\object.cpp(450,43): warning C4305: '引数': 'double' から 'GLfloat' へ切り詰めます。
C:\Users\hamat\prog\InformationExercises2nd\ImageExe2\ImageExe2\object.cpp(461,42): warning C4305: '引数': 'double' から 'GLfloat' へ切り詰めます。
C:\Users\hamat\prog\InformationExercises2nd\ImageExe2\ImageExe2\object.cpp(462,43): warning C4305: '引数': 'double' から 'GLfloat' へ切り詰めます。
C:\Users\hamat\prog\InformationExercises2nd\ImageExe2\ImageExe2\object.cpp(463,49): warning C4305: '引数': 'double' から 'GLfloat' へ切り詰めます。
C:\Users\hamat\prog\InformationExercises2nd\ImageExe2\ImageExe2\object.cpp(463,27): warning C4244: '引数': 'double' から 'GLfloat' への変換です。データが失われる可能性があります。
C:\Users\hamat\prog\InformationExercises2nd\ImageExe2\ImageExe2\object.cpp(464,48): warning C4305: '引数': 'double' から 'GLfloat' へ切り詰めます。
C:\Users\hamat\prog\InformationExercises2nd\ImageExe2\ImageExe2\object.cpp(464,27): warning C4244: '引数': 'double' から 'GLfloat' への変換です。データが失われる可能性があります。
C:\Users\hamat\prog\InformationExercises2nd\ImageExe2\ImageExe2\object.cpp(472,30): warning C4305: '引数': 'double' から 'GLfloat' へ切り詰めます。
C:\Users\hamat\prog\InformationExercises2nd\ImageExe2\ImageExe2\object.cpp(473,49): warning C4305: '引数': 'double' から 'GLfloat' へ切り詰めます。
C:\Users\hamat\prog\InformationExercises2nd\ImageExe2\ImageExe2\object.cpp(473,27): warning C4244: '引数': 'double' から 'GLfloat' への変換です。データが失われる可能性があります。
C:\Users\hamat\prog\InformationExercises2nd\ImageExe2\ImageExe2\object.cpp(474,48): warning C4305: '引数': 'double' から 'GLfloat' へ切り詰めます。
C:\Users\hamat\prog\InformationExercises2nd\ImageExe2\ImageExe2\object.cpp(474,27): warning C4244: '引数': 'double' から 'GLfloat' への変換です。データが失われる可能性があります。
C:\Users\hamat\prog\InformationExercises2nd\ImageExe2\ImageExe2\object.cpp(475,27): warning C4244: '引数': 'double' から 'GLfloat' への変換です。データが失われる可能性があります。
C:\Users\hamat\prog\InformationExercises2nd\ImageExe2\ImageExe2\object.cpp(476,27): warning C4244: '引数': 'double' から 'GLfloat' への変換です。データが失われる可能性があります。
C:\Users\hamat\prog\InformationExercises2nd\ImageExe2\ImageExe2\object.cpp(485,27): warning C4244: '引数': 'double' から 'GLfloat' への変換です。データが失われる可能性があります。
C:\Users\hamat\prog\InformationExercises2nd\ImageExe2\ImageExe2\object.cpp(486,27): warning C4244: '引数': 'double' から 'GLfloat' への変換です。データが失われる可能性があります。
C:\Users\hamat\prog\InformationExercises2nd\ImageExe2\ImageExe2\object.cpp(487,27): warning C4244: '引数': 'double' から 'GLfloat' への変換です。データが失われる可能性があります。
C:\Users\hamat\prog\InformationExercises2nd\ImageExe2\ImageExe2\object.cpp(488,27): warning C4244: '引数': 'double' から 'GLfloat' への変換です。データが失われる可能性があります。
C:\Users\hamat\prog\InformationExercises2nd\ImageExe2\ImageExe2\object.cpp(497,27): warning C4244: '引数': 'double' から 'GLfloat' への変換です。データが失われる可能性があります。
C:\Users\hamat\prog\InformationExercises2nd\ImageExe2\ImageExe2\object.cpp(498,50): warning C4244: '引数': 'double' から 'GLfloat' への変換です。データが失われる可能性があります。
C:\Users\hamat\prog\InformationExercises2nd\ImageExe2\ImageExe2\object.cpp(498,27): warning C4244: '引数': 'double' から 'GLfloat' への変換です。データが失われる可能性があります。
C:\Users\hamat\prog\InformationExercises2nd\ImageExe2\ImageExe2\object.cpp(499,49): warning C4244: '引数': 'double' から 'GLfloat' への変換です。データが失われる可能性があります。
C:\Users\hamat\prog\InformationExercises2nd\ImageExe2\ImageExe2\object.cpp(499,26): warning C4244: '引数': 'double' から 'GLfloat' への変換です。データが失われる可能性があります。
C:\Users\hamat\prog\InformationExercises2nd\ImageExe2\ImageExe2\object.cpp(500,26): warning C4244: '引数': 'double' から 'GLfloat' への変換です。データが失われる可能性があります。
C:\Users\hamat\prog\InformationExercises2nd\ImageExe2\ImageExe2\object.cpp(509,46): warning C4305: '引数': 'double' から 'GLfloat' へ切り詰めます。
C:\Users\hamat\prog\InformationExercises2nd\ImageExe2\ImageExe2\object.cpp(509,27): warning C4244: '引数': 'double' から 'GLfloat' への変換です。データが失われる可能性があります。
C:\Users\hamat\prog\InformationExercises2nd\ImageExe2\ImageExe2\object.cpp(510,46): warning C4305: '引数': 'double' から 'GLfloat' へ切り詰めます。
C:\Users\hamat\prog\InformationExercises2nd\ImageExe2\ImageExe2\object.cpp(510,27): warning C4244: '引数': 'double' から 'GLfloat' への変換です。データが失われる可能性があります。
C:\Users\hamat\prog\InformationExercises2nd\ImageExe2\ImageExe2\object.cpp(511,45): warning C4305: '引数': 'double' から 'GLfloat' へ切り詰めます。
C:\Users\hamat\prog\InformationExercises2nd\ImageExe2\ImageExe2\object.cpp(511,26): warning C4244: '引数': 'double' から 'GLfloat' への変換です。データが失われる可能性があります。
C:\Users\hamat\prog\InformationExercises2nd\ImageExe2\ImageExe2\object.cpp(512,45): warning C4305: '引数': 'double' から 'GLfloat' へ切り詰めます。
C:\Users\hamat\prog\InformationExercises2nd\ImageExe2\ImageExe2\object.cpp(512,26): warning C4244: '引数': 'double' から 'GLfloat' への変換です。データが失われる可能性があります。
C:\Users\hamat\prog\InformationExercises2nd\ImageExe2\ImageExe2\object.cpp(521,27): warning C4244: '引数': 'double' から 'GLfloat' への変換です。データが失われる可能性があります。
C:\Users\hamat\prog\InformationExercises2nd\ImageExe2\ImageExe2\object.cpp(522,49): warning C4244: '引数': 'double' から 'GLfloat' への変換です。データが失われる可能性があります。
C:\Users\hamat\prog\InformationExercises2nd\ImageExe2\ImageExe2\object.cpp(522,27): warning C4244: '引数': 'double' から 'GLfloat' への変換です。データが失われる可能性があります。
C:\Users\hamat\prog\InformationExercises2nd\ImageExe2\ImageExe2\object.cpp(523,48): warning C4244: '引数': 'double' から 'GLfloat' への変換です。データが失われる可能性があります。
C:\Users\hamat\prog\InformationExercises2nd\ImageExe2\ImageExe2\object.cpp(523,26): warning C4244: '引数': 'double' から 'GLfloat' への変換です。データが失われる可能性があります。
C:\Users\hamat\prog\InformationExercises2nd\ImageExe2\ImageExe2\object.cpp(524,26): warning C4244: '引数': 'double' から 'GLfloat' への変換です。データが失われる可能性があります。
C:\Users\hamat\prog\InformationExercises2nd\ImageExe2\ImageExe2\object.cpp(533,45): warning C4305: '引数': 'double' から 'GLfloat' へ切り詰めます。
C:\Users\hamat\prog\InformationExercises2nd\ImageExe2\ImageExe2\object.cpp(533,27): warning C4244: '引数': 'double' から 'GLfloat' への変換です。データが失われる可能性があります。
C:\Users\hamat\prog\InformationExercises2nd\ImageExe2\ImageExe2\object.cpp(534,45): warning C4305: '引数': 'double' から 'GLfloat' へ切り詰めます。
C:\Users\hamat\prog\InformationExercises2nd\ImageExe2\ImageExe2\object.cpp(534,27): warning C4244: '引数': 'double' から 'GLfloat' への変換です。データが失われる可能性があります。
C:\Users\hamat\prog\InformationExercises2nd\ImageExe2\ImageExe2\object.cpp(535,44): warning C4305: '引数': 'double' から 'GLfloat' へ切り詰めます。
C:\Users\hamat\prog\InformationExercises2nd\ImageExe2\ImageExe2\object.cpp(535,26): warning C4244: '引数': 'double' から 'GLfloat' への変換です。データが失われる可能性があります。
C:\Users\hamat\prog\InformationExercises2nd\ImageExe2\ImageExe2\object.cpp(536,44): warning C4305: '引数': 'double' から 'GLfloat' へ切り詰めます。
C:\Users\hamat\prog\InformationExercises2nd\ImageExe2\ImageExe2\object.cpp(536,26): warning C4244: '引数': 'double' から 'GLfloat' への変換です。データが失われる可能性があります。
C:\Users\hamat\prog\InformationExercises2nd\ImageExe2\ImageExe2\object.cpp(561,21): warning C4244: '引数': 'int' から 'GLfloat' への変換です。データが失われる可能性があります。
C:\Users\hamat\prog\InformationExercises2nd\ImageExe2\ImageExe2\object.cpp(577,32): warning C4244: '引数': 'int' から 'GLfloat' への変換です。データが失われる可能性があります。
C:\Users\hamat\prog\InformationExercises2nd\ImageExe2\ImageExe2\object.cpp(577,26): warning C4244: '引数': 'int' から 'GLfloat' への変換です。データが失われる可能性があります。
C:\Users\hamat\prog\InformationExercises2nd\ImageExe2\ImageExe2\object.cpp(602,32): warning C4244: '引数': 'int' から 'GLfloat' への変換です。データが失われる可能性があります。
C:\Users\hamat\prog\InformationExercises2nd\ImageExe2\ImageExe2\object.cpp(602,26): warning C4244: '引数': 'int' から 'GLfloat' への変換です。データが失われる可能性があります。
C:\Users\hamat\prog\InformationExercises2nd\ImageExe2\ImageExe2\object.cpp(622,34): warning C4244: '引数': 'int' から 'GLfloat' への変換です。データが失われる可能性があります。
C:\Users\hamat\prog\InformationExercises2nd\ImageExe2\ImageExe2\object.cpp(622,26): warning C4244: '引数': 'int' から 'GLfloat' への変換です。データが失われる可能性があります。
C:\Users\hamat\prog\InformationExercises2nd\ImageExe2\ImageExe2\object.cpp(642,43): warning C4244: '引数': 'int' から 'GLfloat' への変換です。データが失われる可能性があります。
C:\Users\hamat\prog\InformationExercises2nd\ImageExe2\ImageExe2\object.cpp(642,47): warning C4305: '引数': 'double' から 'GLfloat' へ切り詰めます。
C:\Users\hamat\prog\InformationExercises2nd\ImageExe2\ImageExe2\object.cpp(642,28): warning C4244: '引数': 'double' から 'GLfloat' への変換です。データが失われる可能性があります。
C:\Users\hamat\prog\InformationExercises2nd\ImageExe2\ImageExe2\object.cpp(666,32): warning C4244: '引数': 'double' から 'GLfloat' への変換です。データが失われる可能性があります。
C:\Users\hamat\prog\InformationExercises2nd\ImageExe2\ImageExe2\object.cpp(670,39): warning C4244: '引数': 'int' から 'GLfloat' への変換です。データが失われる可能性があります。
C:\Users\hamat\prog\InformationExercises2nd\ImageExe2\ImageExe2\object.cpp(674,29): warning C4244: '引数': 'double' から 'GLfloat' への変換です。データが失われる可能性があります。
C:\Users\hamat\prog\InformationExercises2nd\ImageExe2\ImageExe2\object.cpp(678,35): warning C4244: '引数': 'int' から 'GLfloat' への変換です。データが失われる可能性があります。
  ImageExe2.vcxproj -> C:\Users\hamat\prog\InformationExercises2nd\ImageExe2\Debug\ImageExe2.exe
